<?xml version="1.0" encoding="UTF-8"?>
<!-- Generated by org.testng.reporters.JUnitReportReporter -->
<testsuite hostname="Faiaz" failures="0" tests="3" name="com.crossBrowserTesting.crossBrowserAssignment" time="99.156" errors="0" timestamp="2024-04-21T11:15:44 IST" skipped="0">
  <testcase classname="com.crossBrowserTesting.crossBrowserAssignment" name="CBTest" time="33.449"/>
  <system-out/>
  <testcase classname="com.crossBrowserTesting.crossBrowserAssignment" name="CBTest" time="28.941"/>
  <system-out/>
  <testcase classname="com.crossBrowserTesting.crossBrowserAssignment" name="CBTest" time="36.766"/>
  <system-out/>
</testsuite> <!-- com.crossBrowserTesting.crossBrowserAssignment -->
